[18:14:48] [main/INFO] (FabricLoader) Loading for game Minecraft 1.16.5
[18:14:49] [main/INFO] (Fabric|Loader) [FabricLoader] Loading 56 mods: fallflyinglib@1.1.0, fabric-renderer-api-v1@0.4.4+f3e8589e7d, fabric-keybindings-v0@0.2.1+ca58154a7d, fabricloader@0.11.1, fabric-structure-api-v1@1.1.4+ca58154a7d, fabric-containers-v0@0.1.11+9354966b7d, fabric-object-builder-api-v1@1.9.5+c88702897d, fabric-dimensions-v1@2.0.6+61336ba97d, java@16, fabric-game-rule-api-v1@1.0.6+ca58154a7d, fabric-api-base@0.3.0+c88702897d, fabric-rendering-data-attachment-v1@0.1.5+ca58154a7d, fabric-textures-v0@1.0.6+ca58154a7d, fabric-rendering-fluids-v1@0.1.13+ca58154a7d, reach-entity-attributes@1.1.1, fabric-blockrenderlayer-v1@1.1.5+ca58154a7d, fabric-lifecycle-events-v1@1.2.1+ca58154a7d, fabric-renderer-registries-v1@2.3.0+2868a2287d, fabric-loot-tables-v1@1.0.2+ca58154a7d, fabric@0.34.0+1.16, fabric-particles-v1@0.2.4+ca58154a7d, fabric-networking-v0@0.3.2+ca58154a7d, fabric-api-lookup-api-v1@1.0.0+dc716ea17d, highcrest@1.0-SNAPSHOT, fabric-networking-blockentity-v0@0.2.8+ca58154a7d, fabric-screen-handler-api-v1@1.1.5+9354966b7d, minecraft@1.16.5, modmenu@1.16.9, cloth-basic-math@0.5.1, fabric-command-api-v1@1.1.2+95b14da07d, fabric-screen-api-v1@1.0.0+c045166c7d, fabric-tool-attribute-api-v1@1.2.7+8183d3957d, fabric-renderer-indigo@0.4.4+ca58154a7d, fabric-events-interaction-v0@0.4.2+ca58154a7d, fabric-crash-report-info-v1@0.1.3+ca58154a7d, fabric-item-api-v1@1.2.1+ca58154a7d, fabric-entity-events-v1@1.1.0+c88702897d, origins@0.7.3, fabric-rendering-v0@1.1.2+ca58154a7d, fabric-rendering-v1@1.6.0+2868a2287d, fabric-key-binding-api-v1@1.0.4+9354966b7d, cloth-config2@4.11.14, fabric-resource-loader-v0@0.4.7+6afaa13c7d, fabric-content-registries-v0@0.2.1+ca58154a7d, fabric-tag-extensions-v0@1.1.1+ca58154a7d, fabric-biome-api-v1@3.1.1+ca58154a7d, cardinal-components-entity@2.8.1, fabric-registry-sync-v0@0.7.4+ca58154a7d, fabric-commands-v0@0.2.2+ca58154a7d, cardinal-components-base@2.8.1, fabric-mining-levels-v0@0.1.3+ca58154a7d, fabric-networking-api-v1@1.0.4+5badb62d7d, fabric-events-lifecycle-v0@0.2.1+ca58154a7d, fabric-item-groups-v0@0.2.7+2868a2287d, fabric-models-v0@0.3.0+bc7a746f7d, fabric-object-builders-v0@0.7.2+ca58154a7d
[18:14:49] [main/WARN] (Fabric|Loader) Runtime mod remapping disabled due to no fabric.remapClasspathFile being specified. You may need to update loom.
[18:14:49] [main/INFO] (mixin) SpongePowered MIXIN Subsystem Version=0.8.2 Source=file:/C:/Users/Dragos/.gradle/caches/modules-2/files-2.1/net.fabricmc/sponge-mixin/0.8.2+build.24/e5a741445d0f425bf3cce946c6cf8c7fb8376b2/sponge-mixin-0.8.2+build.24.jar Service=Knot/Fabric Env=CLIENT
[18:14:50] [main/INFO] (Fabric|MixinBootstrap) Loaded Fabric development mappings for mixin remapper!
[18:14:50] [main/INFO] (mixin) Remapping refMap fabric-networking-blockentity-v0-refmap.json using remapper chain
[18:14:50] [main/INFO] (mixin) Remapping refMap fabric-screen-handler-api-v1-refmap.json using remapper chain
[18:14:50] [main/INFO] (mixin) Remapping refMap fabric-lifecycle-events-v1-refmap.json using remapper chain
[18:14:50] [main/INFO] (mixin) Remapping refMap fabric-containers-v0-refmap.json using remapper chain
[18:14:50] [main/INFO] (mixin) Remapping refMap fabric-rendering-data-attachment-v1-refmap.json using remapper chain
[18:14:50] [main/INFO] (mixin) Remapping refMap fabric-renderer-indigo-refmap.json using remapper chain
[18:14:50] [main/INFO] (mixin) Remapping refMap fabric-structure-api-v1-refmap.json using remapper chain
[18:14:50] [main/INFO] (mixin) Remapping refMap fabric-events-interaction-v0-refmap.json using remapper chain
[18:14:50] [main/INFO] (mixin) Remapping refMap fabric-item-api-v1-refmap.json using remapper chain
[18:14:50] [main/INFO] (mixin) Remapping refMap fabric-loot-tables-v1-refmap.json using remapper chain
[18:14:50] [main/INFO] (mixin) Remapping refMap fabric-object-builder-api-v1-refmap.json using remapper chain
[18:14:50] [main/INFO] (mixin) Remapping refMap fabric-screen-api-v1-refmap.json using remapper chain
[18:14:50] [main/INFO] (mixin) Remapping refMap fabric-dimensions-v1-refmap.json using remapper chain
[18:14:50] [main/INFO] (mixin) Remapping refMap fabric-renderer-registries-v1-refmap.json using remapper chain
[18:14:50] [main/INFO] (mixin) Remapping refMap fabric-textures-v0-refmap.json using remapper chain
[18:14:50] [main/INFO] (mixin) Remapping refMap fabric-registry-sync-v0-refmap.json using remapper chain
[18:14:50] [main/INFO] (mixin) Remapping refMap refmap.reach-entity-attributes.json using remapper chain
[18:14:50] [main/INFO] (mixin) Remapping refMap fabric-models-v0-refmap.json using remapper chain
[18:14:50] [main/INFO] (mixin) Remapping refMap fabric-blockrenderlayer-v1-refmap.json using remapper chain
[18:14:50] [main/INFO] (mixin) Remapping refMap fabric-renderer-api-v1-refmap.json using remapper chain
[18:14:50] [main/INFO] (mixin) Remapping refMap fabric-containers-v0-refmap.json using remapper chain
[18:14:50] [main/INFO] (mixin) Remapping refMap fabric-rendering-fluids-v1-refmap.json using remapper chain
[18:14:50] [main/INFO] (mixin) Remapping refMap fabric-biome-api-v1-refmap.json using remapper chain
[18:14:50] [main/INFO] (mixin) Remapping refMap fabric-resource-loader-v0-refmap.json using remapper chain
[18:14:50] [main/INFO] (mixin) Remapping refMap fabric-game-rule-api-v1-refmap.json using remapper chain
[18:14:50] [main/INFO] (mixin) Remapping refMap fabric-networking-api-v1-refmap.json using remapper chain
[18:14:50] [main/INFO] (mixin) Remapping refMap fabric-particles-v1-refmap.json using remapper chain
[18:14:50] [main/INFO] (mixin) Remapping refMap fabric-object-builders-refmap.json using remapper chain
[18:14:50] [main/INFO] (mixin) Remapping refMap fabric-tag-extensions-v0-refmap.json using remapper chain
[18:14:50] [main/INFO] (mixin) Remapping refMap fabric-tool-attribute-api-v1-refmap.json using remapper chain
[18:14:50] [main/INFO] (mixin) Remapping refMap fabric-rendering-v1-refmap.json using remapper chain
[18:14:50] [main/INFO] (mixin) Remapping refMap fabric-item-groups-v0-refmap.json using remapper chain
[18:14:50] [main/INFO] (mixin) Remapping refMap fallflyinglib-refmap.json using remapper chain
[18:14:50] [main/INFO] (mixin) Remapping refMap fabric-content-registries-v0-refmap.json using remapper chain
[18:14:50] [main/INFO] (mixin) Remapping refMap fabric-api-lookup-api-v1-refmap.json using remapper chain
[18:14:50] [main/INFO] (mixin) Remapping refMap fabric-command-api-v1-refmap.json using remapper chain
[18:14:50] [main/INFO] (mixin) Remapping refMap fabric-crash-report-info-v1-refmap.json using remapper chain
[18:14:50] [main/INFO] (mixin) Remapping refMap fabric-entity-events-v1-refmap.json using remapper chain
[18:14:50] [main/INFO] (mixin) Remapping refMap Origins-1.16.5-refmap.json using remapper chain
[18:14:50] [main/INFO] (mixin) Remapping refMap fabric-key-binding-api-v1-refmap.json using remapper chain
[18:14:50] [main/INFO] (mixin) Remapping refMap cardinal-components-entity-refmap.json using remapper chain
[18:14:50] [main/INFO] (mixin) Remapping refMap fabric-renderer-api-v1-refmap.json using remapper chain
[18:14:50] [main/INFO] (mixin) Remapping refMap modmenu-refmap.json using remapper chain
[18:14:50] [main/WARN] (mixin) @Mixin target net/minecraft/client/render/block/BlockModelRenderer$AmbientOcclusionCalculator is public in fabric-renderer-indigo.mixins.json:MixinAmbientOcclusionCalculator and should be specified in value
[18:14:50] [main/WARN] (mixin) @Mixin target net/minecraft/client/render/chunk/ChunkBuilder$BuiltChunk$RebuildTask is public in fabric-renderer-indigo.mixins.json:MixinChunkRebuildTask and should be specified in value
[18:14:50] [main/WARN] (mixin) @Mixin target net/minecraft/village/TradeOffers$TypeAwareBuyForOneEmeraldFactory is public in fabric-object-builder-v1.mixins.json:TypeAwareTradeMixin and should be specified in value
[18:14:50] [main/WARN] (mixin) @Mixin target net/minecraft/block/entity/LecternBlockEntity$1 is public in mixins.reach-entity-attributes.json:InventoryValidationMixin and should be specified in value
[18:14:50] [main/WARN] (mixin) @Mixin target net/minecraft/client/font/FontManager$1 is public in fabric-resource-loader-v0.mixins.json:client.FontManagerResourceReloadListenerMixin and should be specified in value
[18:14:50] [main/WARN] (mixin) @Mixin target net/minecraft/server/command/GameRuleCommand$1 is public in fabric-game-rule-api-v1.mixins.json:GameRuleCommandVisitorMixin and should be specified in value
[18:14:50] [main/WARN] (mixin) @Mixin target net/minecraft/client/gui/screen/world/EditGameRulesScreen$RuleListWidget$1 is public in fabric-game-rule-api-v1.mixins.json:client.RuleListWidgetVisitorMixin and should be specified in value
[18:14:50] [main/WARN] (mixin) @Mixin target net/minecraft/server/world/ThreadedAnvilChunkStorage$EntityTracker is public in fabric-networking-api-v1.mixins.json:accessor.EntityTrackerAccessor and should be specified in value
[18:14:50] [main/WARN] (mixin) @Mixin target net/minecraft/client/particle/ParticleManager$SimpleSpriteProvider is public in fabric-particles-v1.mixins.json:ParticleManagerAccessor$SimpleSpriteProviderAccessor and should be specified in value
[18:14:50] [main/WARN] (mixin) @Mixin target net/minecraft/tag/Tag$1 is public in fabric-tag-extensions-v0.mixins.json:MixinTagImpl and should be specified in value
[18:14:50] [main/WARN] (mixin) @Mixin target net/minecraft/tag/RequiredTagList$TagWrapper is public in fabric-tag-extensions-v0.mixins.json:MixinTagImpl and should be specified in value
[18:14:51] [main/WARN] (mixin) @Mixin target net/minecraft/screen/PlayerScreenHandler$1 is public in origins.mixins.json:PlayerScreenHandlerMixin and should be specified in value
[18:14:51] [main/WARN] (mixin) @Mixin target net/minecraft/client/render/model/WeightedBakedModel$Entry is public in fabric-renderer-api-v1.mixins.json:client.WeightedBakedModelEntryAccessor and should be specified in value
[18:14:51] [main/WARN] (mixin) @Mixin target net/minecraft/client/gui/widget/EntryListWidget$Entries is public in mixins.modmenu.json:MixinEntryListWidgetEntries and should be specified in value
[18:14:57] [main/INFO] (Minecraft) Environment: authHost='https://authserver.mojang.com', accountsHost='https://api.mojang.com', sessionHost='https://sessionserver.mojang.com', servicesHost='https://api.minecraftservices.com', name='PROD'
[18:14:58] [main/ERROR] (Minecraft) Failed to verify authentication
com.mojang.authlib.exceptions.AuthenticationUnavailableException: null
	at com.mojang.authlib.yggdrasil.YggdrasilSocialInteractionsService.checkPrivileges(YggdrasilSocialInteractionsService.java:97) ~[authlib-2.1.28.jar:?]
	at com.mojang.authlib.yggdrasil.YggdrasilSocialInteractionsService.<init>(YggdrasilSocialInteractionsService.java:40) ~[authlib-2.1.28.jar:?]
	at com.mojang.authlib.yggdrasil.YggdrasilAuthenticationService.createSocialInteractionsService(YggdrasilAuthenticationService.java:152) ~[authlib-2.1.28.jar:?]
	at net.minecraft.client.MinecraftClient.method_31382(MinecraftClient.java:563) [minecraft-1.16.5-mapped-net.fabricmc.yarn-1.16.5+build.8-v2.jar:?]
	at net.minecraft.client.MinecraftClient.<init>(MinecraftClient.java:398) [minecraft-1.16.5-mapped-net.fabricmc.yarn-1.16.5+build.8-v2.jar:?]
	at net.minecraft.client.main.Main.main(Main.java:149) [minecraft-1.16.5-mapped-net.fabricmc.yarn-1.16.5+build.8-v2.jar:?]
	at jdk.internal.reflect.NativeMethodAccessorImpl.invoke0(Native Method) ~[?:?]
	at jdk.internal.reflect.NativeMethodAccessorImpl.invoke(NativeMethodAccessorImpl.java:78) ~[?:?]
	at jdk.internal.reflect.DelegatingMethodAccessorImpl.invoke(DelegatingMethodAccessorImpl.java:43) ~[?:?]
	at java.lang.reflect.Method.invoke(Method.java:567) ~[?:?]
	at net.fabricmc.loader.game.MinecraftGameProvider.launch(MinecraftGameProvider.java:226) [fabric-loader-0.11.1@net.fabricmc.yarn.1_16_5.1.16.5+build.8-v2.jar:?]
	at net.fabricmc.loader.launch.knot.Knot.init(Knot.java:139) [fabric-loader-0.11.1@net.fabricmc.yarn.1_16_5.1.16.5+build.8-v2.jar:?]
	at net.fabricmc.loader.launch.knot.KnotClient.main(KnotClient.java:27) [fabric-loader-0.11.1@net.fabricmc.yarn.1_16_5.1.16.5+build.8-v2.jar:?]
	at net.fabricmc.devlaunchinjector.Main.main(Main.java:86) [dev-launch-injector-0.2.1+build.8.jar:?]
[18:14:58] [main/INFO] (Minecraft) Setting user: Player83
[18:14:59] [main/INFO] (Origins) Origins 0.7.3 is initializing. Have fun!
[18:15:00] [main/WARN] (Mod Menu) WARNING! Mod fallflyinglib is only using deprecated 'modmenu:api' custom value! This will be removed in 1.18 snapshots, so ask the author of this mod to support the new API.
[18:15:00] [main/WARN] (Mod Menu) WARNING! Mod reach-entity-attributes is only using deprecated 'modmenu:api' custom value! This will be removed in 1.18 snapshots, so ask the author of this mod to support the new API.
[18:15:00] [main/WARN] (Mod Menu) WARNING! Mod cloth-basic-math is only using deprecated 'modmenu:api' custom value! This will be removed in 1.18 snapshots, so ask the author of this mod to support the new API.
[18:15:00] [main/WARN] (Mod Menu) WARNING! Mod cloth-config2 is only using deprecated 'modmenu:api' custom value! This will be removed in 1.18 snapshots, so ask the author of this mod to support the new API.
[18:15:00] [main/WARN] (Mod Menu) WARNING! Mod cardinal-components-entity is only using deprecated 'modmenu:parent' custom value! This will be removed in 1.18 snapshots, so ask the author of this mod to support the new API.
[18:15:00] [main/WARN] (Mod Menu) WARNING! Mod cardinal-components-entity is only using deprecated 'modmenu:api' custom value! This will be removed in 1.18 snapshots, so ask the author of this mod to support the new API.
[18:15:00] [main/WARN] (Mod Menu) WARNING! Mod cardinal-components-base is only using deprecated 'modmenu:parent' custom value! This will be removed in 1.18 snapshots, so ask the author of this mod to support the new API.
[18:15:00] [main/WARN] (Mod Menu) WARNING! Mod cardinal-components-base is only using deprecated 'modmenu:api' custom value! This will be removed in 1.18 snapshots, so ask the author of this mod to support the new API.
[18:15:00] [main/INFO] (Indigo) [Indigo] Registering Indigo renderer!
[18:15:01] [main/INFO] (Minecraft) Backend library: LWJGL version 3.2.2 build 10
[18:15:04] [main/INFO] (Minecraft) Narrator library for x64 successfully loaded
[18:15:04] [main/INFO] (Minecraft) Reloading ResourceManager: Default, Fabric Mods (FallFlyingLib, Fabric Renderer API (v1), Fabric Key Bindings (v0), Fabric Loader, Fabric Structure API (v1), Fabric Containers (v0), Fabric Object Builder API (v1), Fabric Dimensions API (v1), Fabric Game Rule API (v1), Fabric API Base, Fabric Rendering Data Attachment (v1), Fabric Textures (v0), Fabric Rendering Fluids (v1), Reach Entity Attributes, Fabric BlockRenderLayer Registration (v1), Fabric Lifecycle Events (v1), Fabric Renderer Registries (v1), Fabric Loot Tables (v1), Fabric API, Fabric Particles (v1), Fabric Networking (v0), Fabric API Lookup API (v1), Highcrest, Fabric Networking Block Entity (v0), Fabric Screen Handler API (v1), Mod Menu, Fabric Command API (v1), Fabric Screen API (v1), Fabric Tool Attribute API (v1), Fabric Renderer - Indigo, Fabric Events Interaction (v0), Fabric Crash Report Info (v1), Fabric Item API (v1), Fabric Entity Events (v1), Origins, Fabric Rendering (v0), Fabric Rendering (v1), Fabric Key Binding API (v1), Cloth Config v4, Fabric Resource Loader (v0), Fabric Content Registries (v0), Fabric Tag Extensions (v0), Fabric Biome API (v1), Fabric Registry Sync (v0), Fabric Commands (v0), Fabric Mining Levels (v0), Fabric Networking API (v1), Fabric Events Lifecycle (v0), Fabric Item Groups (v0), Fabric Models (v0), Fabric Object Builders (v0))
[18:15:05] [Realms Notification Availability checker #1/INFO] (Minecraft) Could not authorize you against Realms server: Invalid session id
[18:15:08] [main/INFO] (Minecraft) OpenAL initialized.
[18:15:08] [main/INFO] (Minecraft) Sound engine started
[18:15:09] [main/INFO] (Minecraft) Created: 1024x1024x4 minecraft:textures/atlas/blocks.png-atlas
[18:15:09] [main/INFO] (Minecraft) Created: 256x128x4 minecraft:textures/atlas/signs.png-atlas
[18:15:09] [main/INFO] (Minecraft) Created: 1024x512x4 minecraft:textures/atlas/banner_patterns.png-atlas
[18:15:09] [main/INFO] (Minecraft) Created: 1024x512x4 minecraft:textures/atlas/shield_patterns.png-atlas
[18:15:09] [main/INFO] (Minecraft) Created: 256x256x4 minecraft:textures/atlas/chest.png-atlas
[18:15:09] [main/INFO] (Minecraft) Created: 512x256x4 minecraft:textures/atlas/beds.png-atlas
[18:15:09] [main/INFO] (Minecraft) Created: 512x256x4 minecraft:textures/atlas/shulker_boxes.png-atlas
[18:15:10] [main/INFO] (Minecraft) Created: 256x256x0 minecraft:textures/atlas/particles.png-atlas
[18:15:10] [main/INFO] (Minecraft) Created: 256x256x0 minecraft:textures/atlas/paintings.png-atlas
[18:15:10] [main/INFO] (Minecraft) Created: 256x128x0 minecraft:textures/atlas/mob_effects.png-atlas
[18:15:21] [main/WARN] (Minecraft) Ambiguity between arguments [teleport, destination] and [teleport, targets] with inputs: [Player, 0123, @e, dd12be42-52a9-4a91-a8a1-11c01849e498]
[18:15:21] [main/WARN] (Minecraft) Ambiguity between arguments [teleport, location] and [teleport, destination] with inputs: [0.1 -0.5 .9, 0 0 0]
[18:15:21] [main/WARN] (Minecraft) Ambiguity between arguments [teleport, location] and [teleport, targets] with inputs: [0.1 -0.5 .9, 0 0 0]
[18:15:21] [main/WARN] (Minecraft) Ambiguity between arguments [teleport, targets] and [teleport, destination] with inputs: [Player, 0123, dd12be42-52a9-4a91-a8a1-11c01849e498]
[18:15:21] [main/WARN] (Minecraft) Ambiguity between arguments [teleport, targets, location] and [teleport, targets, destination] with inputs: [0.1 -0.5 .9, 0 0 0]
[18:15:21] [main/INFO] (Minecraft) Reloading ResourceManager: Default, Fabric Mods (Fabric Tool Attribute API (v1), Origins)
[18:15:21] [main/INFO] (Minecraft) Loaded 7 recipes
[18:15:22] [main/INFO] (Minecraft) Loaded 927 advancements
[18:15:22] [main/INFO] (Origins) Finished loading powers from data files. Registry contains 68 powers.
[18:15:22] [main/INFO] (Origins) Finished loading origins from data files. Registry contains 11 origins.
[18:15:22] [main/INFO] (Origins) Trying to read layer file: origins:origin
[18:15:22] [main/INFO] (Origins) Finished loading origin layers from data files. Read 1 layers.
[18:15:22] [main/INFO] (BiomeModificationImpl) Applied 0 biome modifications to 0 of 79 new biomes in 2.766 ms
[18:15:23] [main/INFO] (Minecraft) Environment: authHost='https://authserver.mojang.com', accountsHost='https://api.mojang.com', sessionHost='https://sessionserver.mojang.com', servicesHost='https://api.minecraftservices.com', name='PROD'
[18:15:23] [Server thread/INFO] (Minecraft) Starting integrated minecraft server version 1.16.5
[18:15:23] [Server thread/INFO] (Minecraft) Generating keypair
[18:15:23] [Server thread/INFO] (Minecraft) Preparing start region for dimension minecraft:overworld
[18:15:24] [main/INFO] (Minecraft) Preparing spawn area: 0%
[18:15:24] [main/INFO] (Minecraft) Preparing spawn area: 0%
[18:15:24] [main/INFO] (Minecraft) Preparing spawn area: 83%
[18:15:24] [main/INFO] (Minecraft) Time elapsed: 1233 ms
[18:15:25] [Server thread/INFO] (Minecraft) Changing view distance to 11, from 10
[18:15:26] [Server thread/INFO] (Minecraft) Player83[local:E:bb1da6ee] logged in with entity id 86 at (-30.268068031850447, 4.0, 231.86497733848392)
[18:15:26] [Server thread/INFO] (Minecraft) Player83 joined the game
[18:15:26] [Server thread/INFO] (Minecraft) Saving and pausing game...
[18:15:26] [main/INFO] (Minecraft) Loaded 0 advancements
[18:15:27] [Server thread/INFO] (Minecraft) Saving chunks for level 'ServerLevel[Testing]'/minecraft:overworld
[18:15:27] [Server thread/INFO] (Minecraft) Saving chunks for level 'ServerLevel[Testing]'/minecraft:the_nether
[18:15:27] [Server thread/INFO] (Minecraft) Saving chunks for level 'ServerLevel[Testing]'/minecraft:the_end
[18:15:28] [Server thread/INFO] (Minecraft) Saving and pausing game...
[18:15:28] [Server thread/INFO] (Minecraft) Saving chunks for level 'ServerLevel[Testing]'/minecraft:overworld
[18:15:28] [Server thread/INFO] (Minecraft) Saving chunks for level 'ServerLevel[Testing]'/minecraft:the_nether
[18:15:28] [Server thread/INFO] (Minecraft) Saving chunks for level 'ServerLevel[Testing]'/minecraft:the_end
[18:16:14] [Server thread/INFO] (Minecraft) Saving and pausing game...
[18:16:14] [Server thread/INFO] (Minecraft) Saving chunks for level 'ServerLevel[Testing]'/minecraft:overworld
[18:16:14] [Server thread/INFO] (Minecraft) Saving chunks for level 'ServerLevel[Testing]'/minecraft:the_nether
[18:16:14] [Server thread/INFO] (Minecraft) Saving chunks for level 'ServerLevel[Testing]'/minecraft:the_end
[18:16:15] [main/INFO] (Minecraft) Stopping!
[18:16:15] [Server thread/INFO] (Minecraft) Player83 lost connection: Disconnected
[18:16:15] [Server thread/INFO] (Minecraft) Player83 left the game
[18:16:16] [Server thread/INFO] (Minecraft) Stopping singleplayer server as player logged out
[18:16:16] [Server thread/INFO] (Minecraft) Stopping server
[18:16:16] [Server thread/INFO] (Minecraft) Saving players
[18:16:16] [Server thread/INFO] (Minecraft) Saving worlds
[18:16:16] [Server thread/INFO] (Minecraft) Saving chunks for level 'ServerLevel[Testing]'/minecraft:overworld
[18:16:16] [Server thread/INFO] (Minecraft) ThreadedAnvilChunkStorage (Testing): All chunks are saved
[18:16:16] [Server thread/INFO] (Minecraft) Saving chunks for level 'ServerLevel[Testing]'/minecraft:the_nether
[18:16:16] [Server thread/INFO] (Minecraft) ThreadedAnvilChunkStorage (DIM-1): All chunks are saved
[18:16:16] [Server thread/INFO] (Minecraft) Saving chunks for level 'ServerLevel[Testing]'/minecraft:the_end
[18:16:16] [Server thread/INFO] (Minecraft) ThreadedAnvilChunkStorage (DIM1): All chunks are saved
[18:16:16] [Server thread/INFO] (Minecraft) ThreadedAnvilChunkStorage (Testing): All chunks are saved
[18:16:17] [Server thread/INFO] (Minecraft) ThreadedAnvilChunkStorage (DIM-1): All chunks are saved
[18:16:17] [Server thread/INFO] (Minecraft) ThreadedAnvilChunkStorage (DIM1): All chunks are saved
